<?xml version="1.0" encoding="UTF-8"?>
<testng-results ignored="0" total="8" passed="8" failed="0" skipped="0">
  <reporter-output>
  </reporter-output>
  <suite started-at="2023-07-12T13:11:47 IST" name="Suite" finished-at="2023-07-12T13:12:03 IST" duration-ms="16104">
    <groups>
    </groups>
    <test started-at="2023-07-12T13:11:47 IST" name="Test" finished-at="2023-07-12T13:12:03 IST" duration-ms="16104">
      <class name="api.testcases.VisualCrossingApiValidations">
        <test-method signature="validateApi()[pri:1, instance:api.testcases.VisualCrossingApiValidations@738dc9b]" started-at="2023-07-12T13:11:51 IST" name="validateApi" finished-at="2023-07-12T13:11:53 IST" duration-ms="2266" status="PASS">
          <reporter-output>
          </reporter-output>
        </test-method> <!-- validateApi -->
      </class> <!-- api.testcases.VisualCrossingApiValidations -->
      <class name="api.testcases.VisualCrossingApiNegativeValidations">
        <test-method signature="validateApi(java.lang.String)[pri:3, instance:api.testcases.VisualCrossingApiNegativeValidations@3c77d488]" started-at="2023-07-12T13:11:53 IST" name="validateApi" data-provider="cityNames" finished-at="2023-07-12T13:11:55 IST" duration-ms="1805" status="PASS">
          <params>
            <param index="0">
              <value>
                <![CDATA[zzzz]]>
              </value>
            </param>
          </params>
          <reporter-output>
          </reporter-output>
        </test-method> <!-- validateApi -->
        <test-method signature="validateApi(java.lang.String)[pri:3, instance:api.testcases.VisualCrossingApiNegativeValidations@3c77d488]" started-at="2023-07-12T13:11:55 IST" name="validateApi" data-provider="cityNames" finished-at="2023-07-12T13:11:56 IST" duration-ms="1610" status="PASS">
          <params>
            <param index="0">
              <value>
                <![CDATA[]]>
              </value>
            </param>
          </params>
          <reporter-output>
          </reporter-output>
        </test-method> <!-- validateApi -->
        <test-method signature="invalidmetricgroup()[pri:4, instance:api.testcases.VisualCrossingApiNegativeValidations@3c77d488]" started-at="2023-07-12T13:11:56 IST" name="invalidmetricgroup" finished-at="2023-07-12T13:11:58 IST" duration-ms="1573" status="PASS">
          <reporter-output>
          </reporter-output>
        </test-method> <!-- invalidmetricgroup -->
        <test-method signature="emptyapikey()[pri:5, instance:api.testcases.VisualCrossingApiNegativeValidations@3c77d488]" started-at="2023-07-12T13:11:58 IST" name="emptyapikey" finished-at="2023-07-12T13:12:00 IST" duration-ms="1932" status="PASS">
          <reporter-output>
          </reporter-output>
        </test-method> <!-- emptyapikey -->
        <test-method signature="invalidContentType()[pri:5, instance:api.testcases.VisualCrossingApiNegativeValidations@3c77d488]" started-at="2023-07-12T13:12:00 IST" name="invalidContentType" finished-at="2023-07-12T13:12:01 IST" duration-ms="1561" status="PASS">
          <reporter-output>
          </reporter-output>
        </test-method> <!-- invalidContentType -->
        <test-method signature="invalidapikey()[pri:5, instance:api.testcases.VisualCrossingApiNegativeValidations@3c77d488]" started-at="2023-07-12T13:12:01 IST" name="invalidapikey" finished-at="2023-07-12T13:12:03 IST" duration-ms="1578" status="PASS">
          <reporter-output>
          </reporter-output>
        </test-method> <!-- invalidapikey -->
      </class> <!-- api.testcases.VisualCrossingApiNegativeValidations -->
      <class name="api.endpoints.VisualCrossingApiEndpoint">
        <test-method signature="ValidateStatusCode()[pri:2, instance:api.endpoints.VisualCrossingApiEndpoint@4686afc2]" started-at="2023-07-12T13:11:47 IST" name="ValidateStatusCode" finished-at="2023-07-12T13:11:50 IST" duration-ms="3681" status="PASS">
          <reporter-output>
          </reporter-output>
        </test-method> <!-- ValidateStatusCode -->
      </class> <!-- api.endpoints.VisualCrossingApiEndpoint -->
    </test> <!-- Test -->
  </suite> <!-- Suite -->
</testng-results>
