<?xml version="1.0" encoding="UTF-8"?>
<!-- Generated by org.testng.reporters.JUnitXMLReporter -->
<testsuite ignored="0" hostname="Test-PC" failures="0" tests="8" name="Test" time="16.104" errors="0" timestamp="2023-07-12T13:12:03 IST">
  <testcase classname="api.endpoints.VisualCrossingApiEndpoint" name="ValidateStatusCode" time="3.681"/>
  <testcase classname="api.testcases.VisualCrossingApiValidations" name="validateApi" time="2.266"/>
  <testcase classname="api.testcases.VisualCrossingApiNegativeValidations" name="validateApi" time="1.805"/>
  <testcase classname="api.testcases.VisualCrossingApiNegativeValidations" name="validateApi" time="1.61"/>
  <testcase classname="api.testcases.VisualCrossingApiNegativeValidations" name="invalidmetricgroup" time="1.573"/>
  <testcase classname="api.testcases.VisualCrossingApiNegativeValidations" name="emptyapikey" time="1.932"/>
  <testcase classname="api.testcases.VisualCrossingApiNegativeValidations" name="invalidContentType" time="1.561"/>
  <testcase classname="api.testcases.VisualCrossingApiNegativeValidations" name="invalidapikey" time="1.578"/>
</testsuite> <!-- Test -->
