<?xml version="1.0" encoding="UTF-8"?>
<!-- Generated by org.testng.reporters.JUnitXMLReporter -->
<testsuite ignored="0" hostname="Test-PC" failures="0" tests="6" name="Default test" time="12.155" errors="0" timestamp="2023-07-12T13:11:37 IST">
  <testcase classname="api.testcases.VisualCrossingApiNegativeValidations" name="validateApi" time="3.733"/>
  <testcase classname="api.testcases.VisualCrossingApiNegativeValidations" name="validateApi" time="2.039"/>
  <testcase classname="api.testcases.VisualCrossingApiNegativeValidations" name="invalidmetricgroup" time="1.483"/>
  <testcase classname="api.testcases.VisualCrossingApiNegativeValidations" name="emptyapikey" time="1.589"/>
  <testcase classname="api.testcases.VisualCrossingApiNegativeValidations" name="invalidContentType" time="1.688"/>
  <testcase classname="api.testcases.VisualCrossingApiNegativeValidations" name="invalidapikey" time="1.52"/>
</testsuite> <!-- Default test -->
