<?xml version="1.0" encoding="UTF-8"?>
<!-- Generated by org.testng.reporters.JUnitXMLReporter -->
<testsuite ignored="4" hostname="Test-PC" failures="0" tests="2" name="Test" time="19.605" errors="0" timestamp="2023-07-13T05:30:11 IST">
  <testcase classname="TestCases.HomePageTest" name="testHomePage" time="5.712"/>
  <testcase classname="TestCases.WeatherDataPageTest" name="testWeatherDataPage" time="1.778"/>
  <testcase classname="BasePackage.BaseTest" name="@BeforeSuite driverinitialization" time="0.0">
    <ignored/>
  </testcase> <!-- @BeforeSuite driverinitialization -->
  <testcase classname="BasePackage.BaseTest" name="@AfterTest close" time="0.0">
    <ignored/>
  </testcase> <!-- @AfterTest close -->
  <testcase classname="BasePackage.BaseTest" name="@AfterTest close" time="0.0">
    <ignored/>
  </testcase> <!-- @AfterTest close -->
  <testcase classname="BasePackage.BaseTest" name="@BeforeSuite driverinitialization" time="0.0">
    <ignored/>
  </testcase> <!-- @BeforeSuite driverinitialization -->
</testsuite> <!-- Test -->
